[16-Apr-2023 09:13:33 Europe/Berlin] Cookie price not set
[16-Apr-2023 09:13:33 Europe/Berlin] Cookie personCount not set
[16-Apr-2023 09:13:33 Europe/Berlin] Cookie location not set
[16-Apr-2023 09:13:33 Europe/Berlin] Cookie nights not set
[16-Apr-2023 21:24:13 Europe/Berlin] Cookie price not set
[16-Apr-2023 21:24:13 Europe/Berlin] Cookie personCount not set
[16-Apr-2023 21:24:13 Europe/Berlin] Cookie location not set
[16-Apr-2023 21:24:13 Europe/Berlin] Cookie nights not set
[26-Oct-2023 14:01:19 Europe/Berlin] Cookie price not set
[26-Oct-2023 14:01:19 Europe/Berlin] Cookie personCount not set
[26-Oct-2023 14:01:19 Europe/Berlin] Cookie location not set
[26-Oct-2023 14:01:19 Europe/Berlin] Cookie nights not set
[07-Dec-2023 13:21:13 Europe/Berlin] Cookie price not set
[07-Dec-2023 13:21:13 Europe/Berlin] Cookie personCount not set
[07-Dec-2023 13:21:13 Europe/Berlin] Cookie location not set
[07-Dec-2023 13:21:13 Europe/Berlin] Cookie nights not set
[07-Dec-2023 13:21:31 Europe/Berlin] PHP Warning:  Undefined array key "username" in T:\htdocs\Travelling-main\html\bookingpage.php on line 36
[07-Dec-2023 13:21:31 Europe/Berlin] Could not find current user in JSON
[08-Dec-2023 11:25:45 Europe/Berlin] Cookie price not set
[08-Dec-2023 11:25:45 Europe/Berlin] Cookie personCount not set
[08-Dec-2023 11:25:45 Europe/Berlin] Cookie location not set
[08-Dec-2023 11:25:45 Europe/Berlin] Cookie nights not set
[09-Dec-2023 12:56:43 Europe/Berlin] Cookie price not set
[09-Dec-2023 12:56:43 Europe/Berlin] Cookie personCount not set
[09-Dec-2023 12:56:43 Europe/Berlin] Cookie location not set
[09-Dec-2023 12:56:43 Europe/Berlin] Cookie nights not set
[14-Dec-2023 12:34:01 Europe/Berlin] Cookie price not set
[14-Dec-2023 12:34:01 Europe/Berlin] Cookie personCount not set
[14-Dec-2023 12:34:01 Europe/Berlin] Cookie location not set
[14-Dec-2023 12:34:01 Europe/Berlin] Cookie nights not set
[14-Dec-2023 12:34:02 Europe/Berlin] PHP Warning:  Undefined array key "username" in T:\htdocs\Travelling-main\html\bookingpage.php on line 36
[14-Dec-2023 12:34:02 Europe/Berlin] Could not find current user in JSON
[14-Dec-2023 12:34:13 Europe/Berlin] PHP Warning:  Undefined array key "username" in T:\htdocs\Travelling-main\html\bookingpage.php on line 36
[14-Dec-2023 12:34:13 Europe/Berlin] Could not find current user in JSON
